2021-09-15 09:40:35:4035 [37mdebug[39m: [37mServer listen on port 3000[39m
2021-09-15 09:41:51:4151 [37mdebug[39m: [37mServer listen on port 3000[39m
2021-09-15 09:42:52:4252 [37mdebug[39m: [37mServer listen on port 3000[39m
2021-09-15 09:43:32:4332 [37mdebug[39m: [37mServer listen on port 3000[39m
2021-09-15 09:45:13:4513 [37mdebug[39m: [37mServer listen on port 3000[39m
2021-09-15 09:45:22:4522 [37mdebug[39m: [37mServer listen on port 3000[39m
2021-09-15 09:45:47:4547 [37mdebug[39m: [37mServer listen on port 3000[39m
2021-09-15 09:46:22:4622 [37mdebug[39m: [37mServer listen on port 3000[39m
2021-09-15 09:46:34:4634 [37mdebug[39m: [37mServer listen on port 3000[39m
2021-09-15 09:48:04:484 [37mdebug[39m: [37mServer listen on port 3000[39m
2021-09-15 09:48:05:485 [37mdebug[39m: [37mMongodb Connection stablished[39m
2021-09-15 09:48:05:485 [37mdebug[39m: [37mConnected[39m
2021-09-15 09:49:23:4923 [37mdebug[39m: [37mServer listen on port 3000[39m
2021-09-15 09:49:24:4924 [37mdebug[39m: [37mMongodb Connection stablished[39m
2021-09-15 09:49:24:4924 [37mdebug[39m: [37mConnected[39m
2021-09-15 09:50:30:5030 [37mdebug[39m: [37mServer listen on port 3000[39m
2021-09-15 09:50:30:5030 [37mdebug[39m: [37mMongodb Connection stablished[39m
2021-09-15 09:50:30:5030 [37mdebug[39m: [37mConnected[39m
2021-09-15 09:50:47:5047 [37mdebug[39m: [37mServer listen on port 3000[39m
2021-09-15 09:50:48:5048 [37mdebug[39m: [37mMongodb Connection stablished[39m
2021-09-15 09:50:48:5048 [37mdebug[39m: [37mConnected[39m
2021-09-15 09:52:41:5241 [37mdebug[39m: [37mServer listen on port 3000[39m
2021-09-15 09:52:43:5243 [37mdebug[39m: [37mMongodb Connection stablished[39m
2021-09-15 09:52:43:5243 [37mdebug[39m: [37mConnected[39m
2021-09-15 09:53:07:537 [37mdebug[39m: [37mServer listen on port 3000[39m
2021-09-15 09:53:08:538 [37mdebug[39m: [37mMongodb Connection stablished[39m
2021-09-15 09:53:12:5312 [37mdebug[39m: [37mConnected[39m
2021-09-15 09:54:44:5444 [37mdebug[39m: [37mServer listen on port 3000[39m
2021-09-15 09:54:45:5445 [37mdebug[39m: [37mMongodb Connection stablished[39m
2021-09-15 09:54:45:5445 [37mdebug[39m: [37mConnected[39m
2021-09-15 09:55:03:553 [35mhttp[39m: [35mPOST /signin 200 470 - 224.890 ms[39m
[35m[39m
2021-09-15 10:01:55:155 [37mdebug[39m: [37mServer listen on port 3000[39m
2021-09-15 10:01:55:155 [37mdebug[39m: [37mMongodb Connection stablished[39m
2021-09-15 10:01:55:155 [37mdebug[39m: [37mConnected[39m
2021-09-15 10:16:34:1634 [37mdebug[39m: [37mServer listen on port 3000[39m
2021-09-15 10:16:35:1635 [37mdebug[39m: [37mMongodb Connection stablished[39m
2021-09-15 10:16:35:1635 [37mdebug[39m: [37mConnected[39m
2021-09-15 10:19:28:1928 [37mdebug[39m: [37mServer listen on port 3000[39m
2021-09-15 10:19:29:1929 [37mdebug[39m: [37mMongodb Connection stablished[39m
2021-09-15 10:19:29:1929 [37mdebug[39m: [37mConnected[39m
2021-09-15 10:20:00:200 [37mdebug[39m: [37mServer listen on port 3000[39m
2021-09-15 10:20:01:201 [37mdebug[39m: [37mMongodb Connection stablished[39m
2021-09-15 10:20:01:201 [37mdebug[39m: [37mConnected[39m
2021-09-15 10:20:27:2027 [37mdebug[39m: [37mServer listen on port 3000[39m
2021-09-15 10:20:28:2028 [37mdebug[39m: [37mMongodb Connection stablished[39m
2021-09-15 10:20:28:2028 [37mdebug[39m: [37mConnected[39m
2021-09-15 10:20:58:2058 [37mdebug[39m: [37mServer listen on port 3000[39m
2021-09-15 10:20:59:2059 [37mdebug[39m: [37mMongodb Connection stablished[39m
2021-09-15 10:20:59:2059 [37mdebug[39m: [37mConnected[39m
2021-09-15 10:21:58:2158 [37mdebug[39m: [37mServer listen on port 3000[39m
2021-09-15 10:22:00:220 [37mdebug[39m: [37mMongodb Connection stablished[39m
2021-09-15 10:22:00:220 [37mdebug[39m: [37mConnected[39m
2021-09-15 10:22:35:2235 [37mdebug[39m: [37mServer listen on port 3000[39m
2021-09-15 10:22:36:2236 [37mdebug[39m: [37mMongodb Connection stablished[39m
2021-09-15 10:22:36:2236 [37mdebug[39m: [37mConnected[39m
2021-09-15 10:24:08:248 [37mdebug[39m: [37mServer listen on port 3000[39m
2021-09-15 10:24:09:249 [37mdebug[39m: [37mMongodb Connection stablished[39m
2021-09-15 10:24:09:249 [37mdebug[39m: [37mConnected[39m
2021-09-15 10:24:20:2420 [37mdebug[39m: [37mServer listen on port 3000[39m
2021-09-15 10:24:21:2421 [37mdebug[39m: [37mMongodb Connection stablished[39m
2021-09-15 10:24:21:2421 [37mdebug[39m: [37mConnected[39m
2021-09-15 10:24:36:2436 [37mdebug[39m: [37mServer listen on port 3000[39m
2021-09-15 10:24:37:2437 [37mdebug[39m: [37mMongodb Connection stablished[39m
2021-09-15 10:24:37:2437 [37mdebug[39m: [37mConnected[39m
2021-09-15 10:25:51:2551 [37mdebug[39m: [37mServer listen on port 3000[39m
2021-09-15 10:25:52:2552 [37mdebug[39m: [37mMongodb Connection stablished[39m
2021-09-15 10:25:52:2552 [37mdebug[39m: [37mConnected[39m
2021-09-15 10:28:03:283 [37mdebug[39m: [37mServer listen on port 3000[39m
2021-09-15 10:28:04:284 [37mdebug[39m: [37mMongodb Connection stablished[39m
2021-09-15 10:28:04:284 [37mdebug[39m: [37mConnected[39m
2021-09-15 10:31:04:314 [37mdebug[39m: [37mServer listen on port 3000[39m
2021-09-15 10:31:05:315 [37mdebug[39m: [37mMongodb Connection stablished[39m
2021-09-15 10:31:05:315 [37mdebug[39m: [37mConnected[39m
2021-09-15 10:31:28:3128 [37mdebug[39m: [37mServer listen on port 3000[39m
2021-09-15 10:31:29:3129 [37mdebug[39m: [37mMongodb Connection stablished[39m
2021-09-15 10:31:29:3129 [37mdebug[39m: [37mConnected[39m
2021-09-15 10:32:03:323 [37mdebug[39m: [37mServer listen on port 3000[39m
2021-09-15 10:32:04:324 [37mdebug[39m: [37mMongodb Connection stablished[39m
2021-09-15 10:32:04:324 [37mdebug[39m: [37mConnected[39m
2021-09-15 10:33:20:3320 [37mdebug[39m: [37mServer listen on port 3000[39m
2021-09-15 10:33:21:3321 [37mdebug[39m: [37mMongodb Connection stablished[39m
2021-09-15 10:33:21:3321 [37mdebug[39m: [37mConnected[39m
2021-09-15 10:34:50:3450 [37mdebug[39m: [37mServer listen on port 3000[39m
2021-09-15 10:34:51:3451 [37mdebug[39m: [37mMongodb Connection stablished[39m
2021-09-15 10:34:51:3451 [37mdebug[39m: [37mConnected[39m
2021-09-15 10:35:25:3525 [37mdebug[39m: [37mServer listen on port 3000[39m
2021-09-15 10:35:26:3526 [37mdebug[39m: [37mMongodb Connection stablished[39m
2021-09-15 10:35:26:3526 [37mdebug[39m: [37mConnected[39m
2021-09-15 10:36:25:3625 [37mdebug[39m: [37mServer listen on port 3000[39m
2021-09-15 10:36:26:3626 [37mdebug[39m: [37mMongodb Connection stablished[39m
2021-09-15 10:36:26:3626 [37mdebug[39m: [37mConnected[39m
2021-09-15 10:38:24:3824 [37mdebug[39m: [37mServer listen on port 3000[39m
2021-09-15 10:38:25:3825 [37mdebug[39m: [37mMongodb Connection stablished[39m
2021-09-15 10:38:25:3825 [37mdebug[39m: [37mConnected[39m
2021-09-15 10:38:34:3834 [37mdebug[39m: [37mServer listen on port 3000[39m
2021-09-15 10:38:35:3835 [37mdebug[39m: [37mMongodb Connection stablished[39m
2021-09-15 10:38:35:3835 [37mdebug[39m: [37mConnected[39m
2021-09-15 10:39:56:3956 [37mdebug[39m: [37mServer listen on port 3000[39m
2021-09-15 10:39:56:3956 [37mdebug[39m: [37mMongodb Connection stablished[39m
2021-09-15 10:39:57:3957 [37mdebug[39m: [37mConnected[39m
2021-09-15 10:40:26:4026 [37mdebug[39m: [37mServer listen on port 3000[39m
2021-09-15 10:40:27:4027 [37mdebug[39m: [37mMongodb Connection stablished[39m
2021-09-15 10:40:27:4027 [37mdebug[39m: [37mConnected[39m
2021-09-15 10:41:25:4125 [37mdebug[39m: [37mServer listen on port 3000[39m
2021-09-15 10:41:26:4126 [37mdebug[39m: [37mMongodb Connection stablished[39m
2021-09-15 10:41:26:4126 [37mdebug[39m: [37mConnected[39m
2021-09-15 10:41:37:4137 [37mdebug[39m: [37mServer listen on port 3000[39m
2021-09-15 10:41:37:4137 [37mdebug[39m: [37mMongodb Connection stablished[39m
2021-09-15 10:41:37:4137 [37mdebug[39m: [37mConnected[39m
2021-09-15 12:22:04:224 [37mdebug[39m: [37mServer listen on port 3000[39m
2021-09-15 12:22:05:225 [37mdebug[39m: [37mMongodb Connection stablished[39m
2021-09-15 12:22:05:225 [37mdebug[39m: [37mConnected[39m
2021-09-15 12:23:29:2329 [35mhttp[39m: [35mPOST /signin 200 2 - 19.266 ms[39m
[35m[39m
2021-09-15 12:24:49:2449 [37mdebug[39m: [37mServer listen on port 3000[39m
2021-09-15 12:24:50:2450 [37mdebug[39m: [37mMongodb Connection stablished[39m
2021-09-15 12:24:50:2450 [37mdebug[39m: [37mConnected[39m
2021-09-15 12:24:56:2456 [37mdebug[39m: [37mPromise { <pending> }[39m
2021-09-15 12:24:56:2456 [35mhttp[39m: [35mPOST /signin 200 2 - 13.804 ms[39m
[35m[39m
2021-09-15 12:25:20:2520 [37mdebug[39m: [37mServer listen on port 3000[39m
2021-09-15 12:25:21:2521 [37mdebug[39m: [37mMongodb Connection stablished[39m
2021-09-15 12:25:21:2521 [37mdebug[39m: [37mConnected[39m
2021-09-15 12:25:24:2524 [37mdebug[39m: [37mPromise { <pending> }[39m
2021-09-15 12:25:24:2524 [35mhttp[39m: [35mPOST /signin 200 2 - 15.300 ms[39m
[35m[39m
2021-09-15 12:26:00:260 [37mdebug[39m: [37mServer listen on port 3000[39m
2021-09-15 12:26:01:261 [37mdebug[39m: [37mMongodb Connection stablished[39m
2021-09-15 12:26:01:261 [37mdebug[39m: [37mConnected[39m
2021-09-15 12:26:02:262 [37mdebug[39m: [37mPromise { <pending> }[39m
2021-09-15 12:26:02:262 [35mhttp[39m: [35mPOST /signin 200 2 - 14.352 ms[39m
[35m[39m
2021-09-15 12:26:02:262 [37mdebug[39m: [37m{[39m
[37m  type: 'admin',[39m
[37m  _id: 613757543d041c4bb2aebfb0,[39m
[37m  name: 'Leonardo Betancourt',[39m
[37m  password: '$2b$10$FbIZFd3v/3F4tAblCEbutOfH8xraU2WEgA2J2PSLv1NUhOajIBhv.',[39m
[37m  email: 'leobeta@yopmail.com',[39m
[37m  phone: '+573015012080',[39m
[37m  address: 'Portal de los Abetos'[39m
[37m}[39m
2021-09-15 12:26:46:2646 [37mdebug[39m: [37mServer listen on port 3000[39m
2021-09-15 12:26:47:2647 [37mdebug[39m: [37mMongodb Connection stablished[39m
2021-09-15 12:26:47:2647 [37mdebug[39m: [37mConnected[39m
2021-09-15 12:26:52:2652 [37mdebug[39m: [37mPromise { <pending> }[39m
2021-09-15 12:26:52:2652 [35mhttp[39m: [35mPOST /signin 200 2 - 14.432 ms[39m
[35m[39m
2021-09-15 12:26:52:2652 [37mdebug[39m: [37mtrue[39m
2021-09-15 12:27:25:2725 [37mdebug[39m: [37mServer listen on port 3000[39m
2021-09-15 12:27:26:2726 [37mdebug[39m: [37mMongodb Connection stablished[39m
2021-09-15 12:27:26:2726 [37mdebug[39m: [37mConnected[39m
2021-09-15 12:27:29:2729 [37mdebug[39m: [37mPromise { <pending> }[39m
2021-09-15 12:27:29:2729 [35mhttp[39m: [35mPOST /signin 200 2 - 12.803 ms[39m
[35m[39m
2021-09-15 12:27:30:2730 [37mdebug[39m: [37mtrue[39m
2021-09-15 12:27:30:2730 [37mdebug[39m: [37m{[39m
[37m  type: 'admin',[39m
[37m  _id: 613757543d041c4bb2aebfb0,[39m
[37m  name: 'Leonardo Betancourt',[39m
[37m  password: '$2b$10$FbIZFd3v/3F4tAblCEbutOfH8xraU2WEgA2J2PSLv1NUhOajIBhv.',[39m
[37m  email: 'leobeta@yopmail.com',[39m
[37m  phone: '+573015012080',[39m
[37m  address: 'Portal de los Abetos'[39m
[37m}[39m
2021-09-15 12:27:58:2758 [37mdebug[39m: [37mServer listen on port 3000[39m
2021-09-15 12:27:58:2758 [37mdebug[39m: [37mMongodb Connection stablished[39m
2021-09-15 12:27:58:2758 [37mdebug[39m: [37mConnected[39m
2021-09-15 12:28:29:2829 [37mdebug[39m: [37mServer listen on port 3000[39m
2021-09-15 12:28:35:2835 [37mdebug[39m: [37mServer listen on port 3000[39m
2021-09-15 12:28:41:2841 [37mdebug[39m: [37mMongodb Connection stablished[39m
2021-09-15 12:28:41:2841 [37mdebug[39m: [37mConnected[39m
2021-09-15 12:28:44:2844 [37mdebug[39m: [37mUser[39m
2021-09-15 12:28:44:2844 [35mhttp[39m: [35mPOST /signin 200 2 - 13.139 ms[39m
[35m[39m
2021-09-15 12:29:51:2951 [37mdebug[39m: [37mServer listen on port 3000[39m
2021-09-15 12:29:52:2952 [37mdebug[39m: [37mMongodb Connection stablished[39m
2021-09-15 12:29:52:2952 [37mdebug[39m: [37mConnected[39m
2021-09-15 12:29:53:2953 [37mdebug[39m: [37mUser[39m
2021-09-15 12:29:53:2953 [35mhttp[39m: [35mPOST /signin 200 2 - 13.836 ms[39m
[35m[39m
2021-09-15 12:29:53:2953 [37mdebug[39m: [37mhere[39m
2021-09-15 12:36:37:3637 [37mdebug[39m: [37mServer listen on port 3000[39m
2021-09-15 12:36:38:3638 [37mdebug[39m: [37mMongodb Connection stablished[39m
2021-09-15 12:36:38:3638 [37mdebug[39m: [37mConnected[39m
2021-09-15 12:36:44:3644 [37mdebug[39m: [37mUser[39m
2021-09-15 12:36:44:3644 [35mhttp[39m: [35mPOST /signin 200 2 - 15.679 ms[39m
[35m[39m
2021-09-15 12:36:44:3644 [37mdebug[39m: [37mhere[39m
2021-09-15 12:37:03:373 [37mdebug[39m: [37mServer listen on port 3000[39m
2021-09-15 12:37:04:374 [37mdebug[39m: [37mMongodb Connection stablished[39m
2021-09-15 12:37:04:374 [37mdebug[39m: [37mConnected[39m
2021-09-15 12:37:06:376 [37mdebug[39m: [37mUser[39m
2021-09-15 12:37:06:376 [35mhttp[39m: [35mPOST /signin 200 2 - 18.812 ms[39m
[35m[39m
2021-09-15 12:37:06:376 [37mdebug[39m: [37mhere[39m
2021-09-15 12:37:21:3721 [37mdebug[39m: [37mServer listen on port 3000[39m
2021-09-15 12:37:22:3722 [37mdebug[39m: [37mMongodb Connection stablished[39m
2021-09-15 12:37:22:3722 [37mdebug[39m: [37mConnected[39m
2021-09-15 12:42:44:4244 [37mdebug[39m: [37mServer listen on port 3000[39m
2021-09-15 12:42:50:4250 [37mdebug[39m: [37mMongodb Connection stablished[39m
2021-09-15 12:42:50:4250 [37mdebug[39m: [37mConnected[39m
2021-09-15 12:42:55:4255 [35mhttp[39m: [35mPOST /signin 200 2 - 15.029 ms[39m
[35m[39m
2021-09-15 12:42:55:4255 [37mdebug[39m: [37mhere[39m
2021-09-15 12:43:17:4317 [37mdebug[39m: [37mServer listen on port 3000[39m
2021-09-15 12:43:24:4324 [37mdebug[39m: [37mMongodb Connection stablished[39m
2021-09-15 12:43:24:4324 [37mdebug[39m: [37mConnected[39m
2021-09-15 12:43:29:4329 [35mhttp[39m: [35mPOST /signin 200 2 - 20.480 ms[39m
[35m[39m
2021-09-15 12:43:29:4329 [37mdebug[39m: [37mhere[39m
2021-09-15 12:44:03:443 [37mdebug[39m: [37mServer listen on port 3000[39m
2021-09-15 12:44:10:4410 [37mdebug[39m: [37mMongodb Connection stablished[39m
2021-09-15 12:44:10:4410 [37mdebug[39m: [37mConnected[39m
2021-09-15 13:39:10:3910 [37mdebug[39m: [37mServer listen on port 3000[39m
2021-09-15 13:39:11:3911 [37mdebug[39m: [37mMongodb Connection stablished[39m
2021-09-15 13:39:11:3911 [37mdebug[39m: [37mConnected[39m
2021-09-15 13:40:15:4015 [37mdebug[39m: [37mServer listen on port 3000[39m
2021-09-15 13:40:16:4016 [37mdebug[39m: [37mMongodb Connection stablished[39m
2021-09-15 13:40:16:4016 [37mdebug[39m: [37mConnected[39m
2021-09-15 13:45:56:4556 [37mdebug[39m: [37mServer listen on port 3000[39m
2021-09-15 13:45:57:4557 [37mdebug[39m: [37mMongodb Connection stablished[39m
2021-09-15 13:45:57:4557 [37mdebug[39m: [37mConnected[39m
2021-09-15 13:46:04:464 [37mdebug[39m: [37mhere[39m
2021-09-15 13:46:04:464 [37mdebug[39m: [37mUser[39m
2021-09-15 13:46:04:464 [35mhttp[39m: [35mPOST /signin 200 470 - 203.720 ms[39m
[35m[39m
2021-09-15 13:47:07:477 [37mdebug[39m: [37mServer listen on port 3000[39m
2021-09-15 13:47:08:478 [37mdebug[39m: [37mMongodb Connection stablished[39m
2021-09-15 13:47:08:478 [37mdebug[39m: [37mConnected[39m
2021-09-15 13:51:35:5135 [37mdebug[39m: [37mServer listen on port 3000[39m
2021-09-15 13:51:36:5136 [37mdebug[39m: [37mMongodb Connection stablished[39m
2021-09-15 13:51:36:5136 [37mdebug[39m: [37mConnected[39m
2021-09-15 13:52:11:5211 [37mdebug[39m: [37mServer listen on port 3000[39m
2021-09-15 13:52:11:5211 [37mdebug[39m: [37mMongodb Connection stablished[39m
2021-09-15 13:52:11:5211 [37mdebug[39m: [37mConnected[39m
2021-09-15 13:52:54:5254 [37mdebug[39m: [37mServer listen on port 3000[39m
2021-09-15 13:52:56:5256 [37mdebug[39m: [37mMongodb Connection stablished[39m
2021-09-15 13:52:56:5256 [37mdebug[39m: [37mConnected[39m
2021-09-15 13:54:24:5424 [37mdebug[39m: [37mServer listen on port 3000[39m
2021-09-15 13:54:25:5425 [37mdebug[39m: [37mMongodb Connection stablished[39m
2021-09-15 13:54:25:5425 [37mdebug[39m: [37mConnected[39m
2021-09-15 13:54:43:5443 [37mdebug[39m: [37mServer listen on port 3000[39m
2021-09-15 13:54:44:5444 [37mdebug[39m: [37mMongodb Connection stablished[39m
2021-09-15 13:54:44:5444 [37mdebug[39m: [37mConnected[39m
2021-09-15 13:55:09:559 [37mdebug[39m: [37mhere[39m
2021-09-15 13:55:09:559 [35mhttp[39m: [35mPOST /signin 200 470 - 175.460 ms[39m
[35m[39m
2021-09-15 13:55:39:5539 [37mdebug[39m: [37mServer listen on port 3000[39m
2021-09-15 13:55:40:5540 [37mdebug[39m: [37mMongodb Connection stablished[39m
2021-09-15 13:55:40:5540 [37mdebug[39m: [37mConnected[39m
2021-09-15 13:55:47:5547 [35mhttp[39m: [35mGET /order 200 - - 95.822 ms[39m
[35m[39m
